<?xml version="1.0" encoding="UTF-8"?>
<!-- Generated by org.testng.reporters.JUnitXMLReporter -->
<testsuite ignored="0" hostname="LAPTOP-2RRNTGGI" failures="1" tests="12" name="Test" time="61.96" errors="0" timestamp="2023-11-01T11:30:28 IST">
  <testcase classname="BasicOfTestNG.Demo3" name="Register" time="8.145"/>
  <testcase classname="BasicOfTestNG.Demo3" name="Login" time="7.063"/>
  <testcase classname="BasicOfTestNG.Demo3" name="AddToCakt" time="8.962"/>
  <testcase classname="BasicOfTestNG.Demo4" name="Login" time="8.029"/>
  <testcase classname="BasicOfTestNG.Demo4" name="Logout" time="11.738"/>
  <testcase classname="BasicOfTestNG.Demo5" name="Login" time="7.087"/>
  <testcase classname="BasicOfTestNG.Demo" name="Login" time="5.256"/>
  <testcase classname="BasicOfTestNG.Demo" name="register" time="0.009"/>
  <testcase classname="BasicOfTestNG.Demo6" name="Logout" time="5.484">
    <failure type="org.openqa.selenium.NoSuchElementException" message="Unable to find element with locator By.xpath: //a[@class=&amp;quot;ico-logout&amp;quot;]
For documentation on this error, please visit: https://www.selenium.dev/documentation/webdriver/troubleshooting/errors#no-such-element-exception
Build info: version: &amp;apos;4.12.0&amp;apos;, revision: &amp;apos;249f2a7d1b*&amp;apos;
System info: os.name: &amp;apos;Windows 10&amp;apos;, os.arch: &amp;apos;amd64&amp;apos;, os.version: &amp;apos;10.0&amp;apos;, java.version: &amp;apos;20.0.2&amp;apos;
Driver info: driver.version: RemoteWebDriver">
      <![CDATA[org.openqa.selenium.NoSuchElementException: Unable to find element with locator By.xpath: //a[@class="ico-logout"]
For documentation on this error, please visit: https://www.selenium.dev/documentation/webdriver/troubleshooting/errors#no-such-element-exception
Build info: version: '4.12.0', revision: '249f2a7d1b*'
System info: os.name: 'Windows 10', os.arch: 'amd64', os.version: '10.0', java.version: '20.0.2'
Driver info: driver.version: RemoteWebDriver
at org.openqa.selenium.remote.ElementLocation$ElementFinder$2.findElement(ElementLocation.java:168)
at org.openqa.selenium.remote.ElementLocation.findElement(ElementLocation.java:59)
at org.openqa.selenium.remote.RemoteWebDriver.findElement(RemoteWebDriver.java:359)
at org.openqa.selenium.remote.RemoteWebDriver.findElement(RemoteWebDriver.java:353)
at BasicOfTestNG.Demo6.Logout(Demo6.java:20)
at java.base/java.util.ArrayList.forEach(ArrayList.java:1511)
... Removed 25 stack frames]]>
    </failure>
  </testcase> <!-- Logout -->
  <testcase classname="BasicOfTestNG.Demo2" name="Register" time="0.002"/>
  <testcase classname="BasicOfTestNG.Demo2" name="Login" time="0.005"/>
  <testcase classname="BasicOfTestNG.Demo2" name="AddToCart" time="0.002"/>
</testsuite> <!-- Test -->
